<?xml version="1.0" encoding="UTF-8"?>
<!-- Generated by org.testng.reporters.JUnitReportReporter -->
<testsuite skipped="0" hostname="DIN51003304" name="com.cg.githublogintest.test.LoginTest" tests="5" failures="0" timestamp="13 Jun 2018 09:44:37 GMT" time="70.466" errors="0">
  <testcase name="testForBlankInput" time="21.059" classname="com.cg.githublogintest.test.LoginTest"/>
  <testcase name="testForInvalidUsername" time="12.113" classname="com.cg.githublogintest.test.LoginTest"/>
  <testcase name="testForInvalidPassword" time="11.701" classname="com.cg.githublogintest.test.LoginTest"/>
  <testcase name="testForInvalidEmail" time="13.185" classname="com.cg.githublogintest.test.LoginTest"/>
  <testcase name="testForInvalidEmailAndUsername" time="12.408" classname="com.cg.githublogintest.test.LoginTest"/>
</testsuite> <!-- com.cg.githublogintest.test.LoginTest -->
