<?xml version="1.0" encoding="UTF-8"?>
<!-- Generated by org.testng.reporters.JUnitReportReporter -->
<testsuite skipped="0" hostname="DIN51003304" name="com.cg.project.test.UnitTestForGoogleChrome" tests="2" failures="0" timestamp="12 Jun 2018 11:04:14 GMT" time="39.389" errors="0">
  <testcase name="testWebPage" time="22.065" classname="com.cg.project.test.UnitTestForGoogleChrome"/>
  <testcase name="testWebPage" time="17.324" classname="com.cg.project.test.UnitTestForGoogleChrome"/>
</testsuite> <!-- com.cg.project.test.UnitTestForGoogleChrome -->
